mode: set
github.com/basedalex/merch-shop/internal/service/service.go:33.73,35.16 2 1
github.com/basedalex/merch-shop/internal/service/service.go:35.16,39.3 2 0
github.com/basedalex/merch-shop/internal/service/service.go:41.2,46.16 4 1
github.com/basedalex/merch-shop/internal/service/service.go:46.16,50.3 2 0
github.com/basedalex/merch-shop/internal/service/service.go:53.2,54.16 2 1
github.com/basedalex/merch-shop/internal/service/service.go:54.16,56.3 1 1
github.com/basedalex/merch-shop/internal/service/service.go:57.2,57.26 1 1
github.com/basedalex/merch-shop/internal/service/service.go:57.26,61.3 2 1
github.com/basedalex/merch-shop/internal/service/service.go:63.2,65.12 2 1
github.com/basedalex/merch-shop/internal/service/service.go:65.12,68.17 3 1
github.com/basedalex/merch-shop/internal/service/service.go:68.17,72.4 2 0
github.com/basedalex/merch-shop/internal/service/service.go:74.3,76.9 3 1
github.com/basedalex/merch-shop/internal/service/service.go:80.2,81.19 2 1
github.com/basedalex/merch-shop/internal/service/service.go:81.19,85.6 2 0
github.com/basedalex/merch-shop/internal/service/service.go:86.2,88.69 2 1
github.com/basedalex/merch-shop/internal/service/service.go:88.69,92.3 2 0
github.com/basedalex/merch-shop/internal/service/service.go:94.2,95.16 2 1
github.com/basedalex/merch-shop/internal/service/service.go:95.16,99.3 2 0
github.com/basedalex/merch-shop/internal/service/service.go:101.2,102.22 2 1
github.com/basedalex/merch-shop/internal/service/service.go:106.88,108.16 2 1
github.com/basedalex/merch-shop/internal/service/service.go:108.16,111.3 2 0
github.com/basedalex/merch-shop/internal/service/service.go:113.2,113.65 1 1
github.com/basedalex/merch-shop/internal/service/service.go:113.65,117.3 2 0
github.com/basedalex/merch-shop/internal/service/service.go:118.2,118.40 1 1
github.com/basedalex/merch-shop/internal/service/service.go:122.72,124.16 2 0
github.com/basedalex/merch-shop/internal/service/service.go:124.16,127.3 2 0
github.com/basedalex/merch-shop/internal/service/service.go:129.2,130.16 2 0
github.com/basedalex/merch-shop/internal/service/service.go:130.16,134.3 2 0
github.com/basedalex/merch-shop/internal/service/service.go:136.2,136.49 1 0
github.com/basedalex/merch-shop/internal/service/service.go:140.77,142.16 2 0
github.com/basedalex/merch-shop/internal/service/service.go:142.16,146.3 2 0
github.com/basedalex/merch-shop/internal/service/service.go:148.2,153.16 4 0
github.com/basedalex/merch-shop/internal/service/service.go:153.16,157.3 2 0
github.com/basedalex/merch-shop/internal/service/service.go:159.2,160.16 2 0
github.com/basedalex/merch-shop/internal/service/service.go:160.16,163.3 2 0
github.com/basedalex/merch-shop/internal/service/service.go:166.2,167.16 2 0
github.com/basedalex/merch-shop/internal/service/service.go:167.16,171.3 2 0
github.com/basedalex/merch-shop/internal/service/service.go:172.2,172.46 1 0
github.com/basedalex/merch-shop/internal/service/service.go:175.46,179.2 1 1
github.com/basedalex/merch-shop/internal/service/service.go:186.60,190.16 3 1
github.com/basedalex/merch-shop/internal/service/service.go:190.16,192.3 1 0
github.com/basedalex/merch-shop/internal/service/service.go:194.2,194.22 1 1
github.com/basedalex/merch-shop/internal/service/service.go:197.71,202.16 4 1
github.com/basedalex/merch-shop/internal/service/service.go:202.16,205.3 2 0
github.com/basedalex/merch-shop/internal/service/service.go:208.73,214.20 5 1
github.com/basedalex/merch-shop/internal/service/service.go:214.20,216.3 1 0
